<?xml version="1.0" encoding="UTF-8"?>
<testng-results ignored="0" total="1" passed="1" failed="0" skipped="0">
  <reporter-output>
  </reporter-output>
  <suite started-at="2025-10-30T10:32:46 IST" name="Default suite" finished-at="2025-10-30T10:32:50 IST" duration-ms="3919">
    <groups>
    </groups>
    <test started-at="2025-10-30T10:32:46 IST" name="Default test" finished-at="2025-10-30T10:32:50 IST" duration-ms="3919">
      <class name="com.orangehrm.test.Dummyclass">
        <test-method is-config="true" signature="setup()[pri:0, instance:com.orangehrm.test.Dummyclass@436813f3]" started-at="2025-10-30T10:32:46 IST" name="setup" finished-at="2025-10-30T10:32:50 IST" duration-ms="3615" status="PASS">
          <reporter-output>
          </reporter-output>
        </test-method> <!-- setup -->
        <test-method signature="dummytest()[pri:0, instance:com.orangehrm.test.Dummyclass@436813f3]" started-at="2025-10-30T10:32:50 IST" name="dummytest" finished-at="2025-10-30T10:32:50 IST" duration-ms="26" status="PASS">
          <reporter-output>
          </reporter-output>
        </test-method> <!-- dummytest -->
        <test-method is-config="true" signature="teardown()[pri:0, instance:com.orangehrm.test.Dummyclass@436813f3]" started-at="2025-10-30T10:32:50 IST" name="teardown" finished-at="2025-10-30T10:32:50 IST" duration-ms="236" status="PASS">
          <reporter-output>
          </reporter-output>
        </test-method> <!-- teardown -->
      </class> <!-- com.orangehrm.test.Dummyclass -->
    </test> <!-- Default test -->
  </suite> <!-- Default suite -->
</testng-results>
